# JRE version: OpenJDK Runtime Environment (17.0.6) (build 17.0.6+0-b2043.56-9586694)
# Java VM: OpenJDK 64-Bit Server VM (17.0.6+0-b2043.56-9586694, mixed mode, tiered, compressed oops, compressed class ptrs, g1 gc, windows-amd64)
GC Precious Log:
 CPUs: 4 total, 4 available
 Memory: 3899M
 Large Page Support: Disabled
 NUMA Support: Disabled
 Compressed Oops: Enabled (32-bit)
 Heap Region Size: 1M
 Heap Min Capacity: 8M
 Heap Initial Capacity: 62M
 Heap Max Capacity: 976M
 Pre-touch: Disabled
 Parallel Workers: 4
 Concurrent Workers: 1
 Concurrent Refinement Workers: 4
 Periodic GC: Disabled
Heap:
 garbage-first heap   total 86016K, used 52113K [0x00000000c3000000, 0x0000000100000000)
  region size 1024K, 3 young (3072K), 3 survivors (3072K)
 Metaspace       used 63692K, committed 64064K, reserved 1105920K
  class space    used 7637K, committed 7808K, reserved 1048576K
GC Heap History (20 events):
Event: 21.891 GC heap after
{Heap after GC invocations=23 (full 0):
 garbage-first heap   total 62464K, used 34125K [0x00000000c3000000, 0x0000000100000000)
  region size 1024K, 3 young (3072K), 3 survivors (3072K)
 Metaspace       used 52158K, committed 52416K, reserved 1097728K
  class space    used 6275K, committed 6400K, reserved 1048576K
}
Event: 22.383 GC heap before
{Heap before GC invocations=23 (full 0):
 garbage-first heap   total 62464K, used 48461K [0x00000000c3000000, 0x0000000100000000)
  region size 1024K, 17 young (17408K), 3 survivors (3072K)
 Metaspace       used 53172K, committed 53376K, reserved 1097728K
  class space    used 6379K, committed 6464K, reserved 1048576K
}
Event: 22.401 GC heap after
{Heap after GC invocations=24 (full 0):
 garbage-first heap   total 62464K, used 37711K [0x00000000c3000000, 0x0000000100000000)
  region size 1024K, 3 young (3072K), 3 survivors (3072K)
 Metaspace       used 53172K, committed 53376K, reserved 1097728K
  class space    used 6379K, committed 6464K, reserved 1048576K
}
Event: 23.152 GC heap before
{Heap before GC invocations=25 (full 0):
 garbage-first heap   total 65536K, used 48975K [0x00000000c3000000, 0x0000000100000000)
  region size 1024K, 14 young (14336K), 3 survivors (3072K)
 Metaspace       used 55108K, committed 55424K, reserved 1097728K
  class space    used 6633K, committed 6784K, reserved 1048576K
}
Event: 23.164 GC heap after
{Heap after GC invocations=26 (full 0):
 garbage-first heap   total 65536K, used 39769K [0x00000000c3000000, 0x0000000100000000)
  region size 1024K, 2 young (2048K), 2 survivors (2048K)
 Metaspace       used 55108K, committed 55424K, reserved 1097728K
  class space    used 6633K, committed 6784K, reserved 1048576K
}
Event: 23.218 GC heap before
{Heap before GC invocations=26 (full 0):
 garbage-first heap   total 65536K, used 40793K [0x00000000c3000000, 0x0000000100000000)
  region size 1024K, 4 young (4096K), 2 survivors (2048K)
 Metaspace       used 55311K, committed 55616K, reserved 1097728K
  class space    used 6656K, committed 6848K, reserved 1048576K
}
Event: 23.224 GC heap after
{Heap after GC invocations=27 (full 0):
 garbage-first heap   total 78848K, used 40195K [0x00000000c3000000, 0x0000000100000000)
  region size 1024K, 1 young (1024K), 1 survivors (1024K)
 Metaspace       used 55311K, committed 55616K, reserved 1097728K
  class space    used 6656K, committed 6848K, reserved 1048576K
}
Event: 23.477 GC heap before
{Heap before GC invocations=28 (full 0):
 garbage-first heap   total 78848K, used 59651K [0x00000000c3000000, 0x0000000100000000)
  region size 1024K, 20 young (20480K), 1 survivors (1024K)
 Metaspace       used 55393K, committed 55680K, reserved 1097728K
  class space    used 6656K, committed 6848K, reserved 1048576K
}
Event: 23.482 GC heap after
{Heap after GC invocations=29 (full 0):
 garbage-first heap   total 78848K, used 41149K [0x00000000c3000000, 0x0000000100000000)
  region size 1024K, 2 young (2048K), 2 survivors (2048K)
 Metaspace       used 55393K, committed 55680K, reserved 1097728K
  class space    used 6656K, committed 6848K, reserved 1048576K
}
Event: 24.560 GC heap before
{Heap before GC invocations=29 (full 0):
 garbage-first heap   total 78848K, used 60605K [0x00000000c3000000, 0x0000000100000000)
  region size 1024K, 21 young (21504K), 2 survivors (2048K)
 Metaspace       used 59078K, committed 59456K, reserved 1105920K
  class space    used 7103K, committed 7296K, reserved 1048576K
}
Event: 24.569 GC heap after
{Heap after GC invocations=30 (full 0):
 garbage-first heap   total 78848K, used 41759K [0x00000000c3000000, 0x0000000100000000)
  region size 1024K, 2 young (2048K), 2 survivors (2048K)
 Metaspace       used 59078K, committed 59456K, reserved 1105920K
  class space    used 7103K, committed 7296K, reserved 1048576K
}
Event: 26.044 GC heap before
{Heap before GC invocations=31 (full 0):
 garbage-first heap   total 78848K, used 62239K [0x00000000c3000000, 0x0000000100000000)
  region size 1024K, 22 young (22528K), 2 survivors (2048K)
 Metaspace       used 62416K, committed 62656K, reserved 1105920K
  class space    used 7548K, committed 7680K, reserved 1048576K
}
Event: 26.061 GC heap after
{Heap after GC invocations=32 (full 0):
 garbage-first heap   total 78848K, used 44058K [0x00000000c3000000, 0x0000000100000000)
  region size 1024K, 3 young (3072K), 3 survivors (3072K)
 Metaspace       used 62416K, committed 62656K, reserved 1105920K
  class space    used 7548K, committed 7680K, reserved 1048576K
}
Event: 26.582 GC heap before
{Heap before GC invocations=32 (full 0):
 garbage-first heap   total 78848K, used 62490K [0x00000000c3000000, 0x0000000100000000)
  region size 1024K, 21 young (21504K), 3 survivors (3072K)
 Metaspace       used 62891K, committed 63232K, reserved 1105920K
  class space    used 7573K, committed 7744K, reserved 1048576K
}
Event: 26.601 GC heap after
{Heap after GC invocations=33 (full 0):
 garbage-first heap   total 78848K, used 46900K [0x00000000c3000000, 0x0000000100000000)
  region size 1024K, 3 young (3072K), 3 survivors (3072K)
 Metaspace       used 62891K, committed 63232K, reserved 1105920K
  class space    used 7573K, committed 7744K, reserved 1048576K
}
Event: 27.250 GC heap before
{Heap before GC invocations=34 (full 0):
 garbage-first heap   total 86016K, used 63284K [0x00000000c3000000, 0x0000000100000000)
  region size 1024K, 19 young (19456K), 3 survivors (3072K)
 Metaspace       used 63518K, committed 63872K, reserved 1105920K
  class space    used 7631K, committed 7808K, reserved 1048576K
}
Event: 27.270 GC heap after
{Heap after GC invocations=35 (full 0):
 garbage-first heap   total 86016K, used 49646K [0x00000000c3000000, 0x0000000100000000)
  region size 1024K, 3 young (3072K), 3 survivors (3072K)
 Metaspace       used 63518K, committed 63872K, reserved 1105920K
  class space    used 7631K, committed 7808K, reserved 1048576K
}
Event: 27.313 GC heap before
{Heap before GC invocations=35 (full 0):
 garbage-first heap   total 86016K, used 50670K [0x00000000c3000000, 0x0000000100000000)
  region size 1024K, 4 young (4096K), 3 survivors (3072K)
 Metaspace       used 63541K, committed 63872K, reserved 1105920K
  class space    used 7631K, committed 7808K, reserved 1048576K
}
Event: 27.339 GC heap after
{Heap after GC invocations=36 (full 0):
 garbage-first heap   total 86016K, used 49578K [0x00000000c3000000, 0x0000000100000000)
  region size 1024K, 1 young (1024K), 1 survivors (1024K)
 Metaspace       used 63541K, committed 63872K, reserved 1105920K
  class space    used 7631K, committed 7808K, reserved 1048576K
}
Event: 28.092 GC heap before
{Heap before GC invocations=36 (full 0):
 garbage-first heap   total 86016K, used 68010K [0x00000000c3000000, 0x0000000100000000)
  region size 1024K, 19 young (19456K), 1 survivors (1024K)
 Metaspace       used 63692K, committed 64064K, reserved 1105920K
  class space    used 7637K, committed 7808K, reserved 1048576K
}

